build/app/intermediates/manifest_merge_blame_file/debug/manifest-merger-blame-debug-report.txt
1<?xml version="1.0" encoding="utf-8"?>
2<manifest xmlns:android="http://schemas.android.com/apk/res/android"
3    package="com.sinasys.e_commerce_flutter"
4    android:versionCode="1"
5    android:versionName="1.0.0" >
6
7    <uses-sdk
8        android:minSdkVersion="21"
9        android:targetSdkVersion="34" />
10    <!--
11         The INTERNET permission is required for development. Specifically,
12         the Flutter tool needs it to communicate with the running application
13         to allow setting breakpoints, to provide hot reload, etc.
14    -->
15    <uses-permission android:name="android.permission.INTERNET" />
15-->src\main\AndroidManifest.xml:3:6-68
15-->src\main\AndroidManifest.xml:3:23-65
16    <!-- See https://developer.android.com/training/package-visibility/declaring for more details. -->
17    <queries>
17-->[com.stripe:financial-connections:20.37.4] AndroidManifest.xml:10:5-18:15
18
19        <!-- Added to check the default browser that will host the AuthFlow. -->
20        <intent>
20-->[com.stripe:financial-connections:20.37.4] AndroidManifest.xml:13:9-17:18
21            <action android:name="android.intent.action.VIEW" />
21-->[com.stripe:financial-connections:20.37.4] AndroidManifest.xml:14:13-65
21-->[com.stripe:financial-connections:20.37.4] AndroidManifest.xml:14:21-62
22
23            <data android:scheme="http" />
23-->[com.stripe:financial-connections:20.37.4] AndroidManifest.xml:16:13-43
23-->[com.stripe:financial-connections:20.37.4] AndroidManifest.xml:16:19-40
24        </intent>
25        <!-- Added to check if Chrome is installed for browser-based payment authentication (e.g. 3DS1). -->
26        <package android:name="com.android.chrome" />
26-->[com.stripe:payments-core:20.37.4] AndroidManifest.xml:11:9-54
26-->[com.stripe:payments-core:20.37.4] AndroidManifest.xml:11:18-51
27
28        <intent>
28-->[com.razorpay:checkout:1.6.39] AndroidManifest.xml:11:9-17:18
29            <action android:name="android.intent.action.VIEW" />
29-->[com.stripe:financial-connections:20.37.4] AndroidManifest.xml:14:13-65
29-->[com.stripe:financial-connections:20.37.4] AndroidManifest.xml:14:21-62
30
31            <data
31-->[com.stripe:financial-connections:20.37.4] AndroidManifest.xml:16:13-43
32                android:mimeType="*/*"
33                android:scheme="*" />
33-->[com.stripe:financial-connections:20.37.4] AndroidManifest.xml:16:19-40
34        </intent>
35        <intent>
35-->[com.razorpay:checkout:1.6.39] AndroidManifest.xml:18:9-27:18
36            <action android:name="android.intent.action.VIEW" />
36-->[com.stripe:financial-connections:20.37.4] AndroidManifest.xml:14:13-65
36-->[com.stripe:financial-connections:20.37.4] AndroidManifest.xml:14:21-62
37
38            <category android:name="android.intent.category.BROWSABLE" />
38-->[com.stripe:financial-connections:20.37.4] AndroidManifest.xml:29:17-78
38-->[com.stripe:financial-connections:20.37.4] AndroidManifest.xml:29:27-75
39
40            <data
40-->[com.stripe:financial-connections:20.37.4] AndroidManifest.xml:16:13-43
41                android:host="pay"
42                android:mimeType="*/*"
43                android:scheme="upi" />
43-->[com.stripe:financial-connections:20.37.4] AndroidManifest.xml:16:19-40
44        </intent>
45        <intent>
45-->[com.razorpay:checkout:1.6.39] AndroidManifest.xml:28:9-30:18
46            <action android:name="android.intent.action.MAIN" />
46-->[com.razorpay:checkout:1.6.39] AndroidManifest.xml:29:13-65
46-->[com.razorpay:checkout:1.6.39] AndroidManifest.xml:29:21-62
47        </intent>
48        <intent>
48-->[com.razorpay:checkout:1.6.39] AndroidManifest.xml:31:9-35:18
49            <action android:name="android.intent.action.SEND" />
49-->[com.razorpay:checkout:1.6.39] AndroidManifest.xml:32:13-65
49-->[com.razorpay:checkout:1.6.39] AndroidManifest.xml:32:21-62
50
51            <data android:mimeType="*/*" />
51-->[com.stripe:financial-connections:20.37.4] AndroidManifest.xml:16:13-43
52        </intent>
53        <intent>
53-->[com.razorpay:checkout:1.6.39] AndroidManifest.xml:36:9-38:18
54            <action android:name="rzp.device_token.share" />
54-->[com.razorpay:checkout:1.6.39] AndroidManifest.xml:37:13-61
54-->[com.razorpay:checkout:1.6.39] AndroidManifest.xml:37:21-58
55        </intent> <!-- Needs to be explicitly declared on Android R+ -->
56        <package android:name="com.google.android.apps.maps" />
56-->[com.google.android.gms:play-services-maps:18.0.2] AndroidManifest.xml:33:9-64
56-->[com.google.android.gms:play-services-maps:18.0.2] AndroidManifest.xml:33:18-61
57    </queries> <!-- Create a unique permission for your app and use it so only your app can receive your OneSignal messages. -->
58    <permission
58-->[com.onesignal:notifications:5.1.13] AndroidManifest.xml:10:5-12:47
59        android:name="com.sinasys.e_commerce_flutter.permission.C2D_MESSAGE"
59-->[com.onesignal:notifications:5.1.13] AndroidManifest.xml:11:9-63
60        android:protectionLevel="signature" />
60-->[com.onesignal:notifications:5.1.13] AndroidManifest.xml:12:9-44
61
62    <uses-permission android:name="com.sinasys.e_commerce_flutter.permission.C2D_MESSAGE" /> <!-- Required runtime permission to display notifications on Android 13 -->
62-->[com.onesignal:notifications:5.1.13] AndroidManifest.xml:14:5-79
62-->[com.onesignal:notifications:5.1.13] AndroidManifest.xml:14:22-76
63    <uses-permission android:name="android.permission.POST_NOTIFICATIONS" /> <!-- Required, makes sure notifications are delivered on time. -->
63-->[com.onesignal:notifications:5.1.13] AndroidManifest.xml:17:5-77
63-->[com.onesignal:notifications:5.1.13] AndroidManifest.xml:17:22-74
64    <uses-permission android:name="android.permission.WAKE_LOCK" /> <!-- c2dm RECEIVE are basic requirements for push messages through Google's FCM -->
64-->[com.onesignal:notifications:5.1.13] AndroidManifest.xml:18:5-68
64-->[com.onesignal:notifications:5.1.13] AndroidManifest.xml:18:22-65
65    <uses-permission android:name="com.google.android.c2dm.permission.RECEIVE" />
65-->[com.onesignal:notifications:5.1.13] AndroidManifest.xml:19:5-82
65-->[com.onesignal:notifications:5.1.13] AndroidManifest.xml:19:22-79
66    <!--
67 Required so the device vibrates on receiving a push notification.
68         Vibration settings of the device still apply.
69    -->
70    <uses-permission android:name="android.permission.VIBRATE" />
70-->[com.onesignal:notifications:5.1.13] AndroidManifest.xml:24:5-66
70-->[com.onesignal:notifications:5.1.13] AndroidManifest.xml:24:22-63
71    <!--
72 Use to restore notifications the user hasn't interacted with.
73     They could be missed notifications if the user reboots their device if this isn't in place.
74    -->
75    <uses-permission android:name="android.permission.RECEIVE_BOOT_COMPLETED" /> <!-- START: ShortcutBadger -->
75-->[com.onesignal:notifications:5.1.13] AndroidManifest.xml:29:5-81
75-->[com.onesignal:notifications:5.1.13] AndroidManifest.xml:29:22-78
76    <!-- Samsung -->
77    <uses-permission android:name="com.sec.android.provider.badge.permission.READ" />
77-->[com.onesignal:notifications:5.1.13] AndroidManifest.xml:31:5-86
77-->[com.onesignal:notifications:5.1.13] AndroidManifest.xml:31:22-83
78    <uses-permission android:name="com.sec.android.provider.badge.permission.WRITE" /> <!-- HTC -->
78-->[com.onesignal:notifications:5.1.13] AndroidManifest.xml:32:5-87
78-->[com.onesignal:notifications:5.1.13] AndroidManifest.xml:32:22-84
79    <uses-permission android:name="com.htc.launcher.permission.READ_SETTINGS" />
79-->[com.onesignal:notifications:5.1.13] AndroidManifest.xml:33:5-81
79-->[com.onesignal:notifications:5.1.13] AndroidManifest.xml:33:22-78
80    <uses-permission android:name="com.htc.launcher.permission.UPDATE_SHORTCUT" /> <!-- Sony -->
80-->[com.onesignal:notifications:5.1.13] AndroidManifest.xml:34:5-83
80-->[com.onesignal:notifications:5.1.13] AndroidManifest.xml:34:22-80
81    <uses-permission android:name="com.sonyericsson.home.permission.BROADCAST_BADGE" />
81-->[com.onesignal:notifications:5.1.13] AndroidManifest.xml:35:5-88
81-->[com.onesignal:notifications:5.1.13] AndroidManifest.xml:35:22-85
82    <uses-permission android:name="com.sonymobile.home.permission.PROVIDER_INSERT_BADGE" /> <!-- Apex -->
82-->[com.onesignal:notifications:5.1.13] AndroidManifest.xml:36:5-92
82-->[com.onesignal:notifications:5.1.13] AndroidManifest.xml:36:22-89
83    <uses-permission android:name="com.anddoes.launcher.permission.UPDATE_COUNT" /> <!-- Solid -->
83-->[com.onesignal:notifications:5.1.13] AndroidManifest.xml:37:5-84
83-->[com.onesignal:notifications:5.1.13] AndroidManifest.xml:37:22-81
84    <uses-permission android:name="com.majeur.launcher.permission.UPDATE_BADGE" /> <!-- Huawei -->
84-->[com.onesignal:notifications:5.1.13] AndroidManifest.xml:38:5-83
84-->[com.onesignal:notifications:5.1.13] AndroidManifest.xml:38:22-80
85    <uses-permission android:name="com.huawei.android.launcher.permission.CHANGE_BADGE" />
85-->[com.onesignal:notifications:5.1.13] AndroidManifest.xml:39:5-91
85-->[com.onesignal:notifications:5.1.13] AndroidManifest.xml:39:22-88
86    <uses-permission android:name="com.huawei.android.launcher.permission.READ_SETTINGS" />
86-->[com.onesignal:notifications:5.1.13] AndroidManifest.xml:40:5-92
86-->[com.onesignal:notifications:5.1.13] AndroidManifest.xml:40:22-89
87    <uses-permission android:name="com.huawei.android.launcher.permission.WRITE_SETTINGS" /> <!-- ZUK -->
87-->[com.onesignal:notifications:5.1.13] AndroidManifest.xml:41:5-93
87-->[com.onesignal:notifications:5.1.13] AndroidManifest.xml:41:22-90
88    <uses-permission android:name="android.permission.READ_APP_BADGE" /> <!-- OPPO -->
88-->[com.onesignal:notifications:5.1.13] AndroidManifest.xml:42:5-73
88-->[com.onesignal:notifications:5.1.13] AndroidManifest.xml:42:22-70
89    <uses-permission android:name="com.oppo.launcher.permission.READ_SETTINGS" />
89-->[com.onesignal:notifications:5.1.13] AndroidManifest.xml:43:5-82
89-->[com.onesignal:notifications:5.1.13] AndroidManifest.xml:43:22-79
90    <uses-permission android:name="com.oppo.launcher.permission.WRITE_SETTINGS" /> <!-- EvMe -->
90-->[com.onesignal:notifications:5.1.13] AndroidManifest.xml:44:5-83
90-->[com.onesignal:notifications:5.1.13] AndroidManifest.xml:44:22-80
91    <uses-permission android:name="me.everything.badger.permission.BADGE_COUNT_READ" />
91-->[com.onesignal:notifications:5.1.13] AndroidManifest.xml:45:5-88
91-->[com.onesignal:notifications:5.1.13] AndroidManifest.xml:45:22-85
92    <uses-permission android:name="me.everything.badger.permission.BADGE_COUNT_WRITE" />
92-->[com.onesignal:notifications:5.1.13] AndroidManifest.xml:46:5-89
92-->[com.onesignal:notifications:5.1.13] AndroidManifest.xml:46:22-86
93    <uses-permission android:name="android.permission.ACCESS_NETWORK_STATE" />
93-->[com.onesignal:core:5.1.13] AndroidManifest.xml:10:5-79
93-->[com.onesignal:core:5.1.13] AndroidManifest.xml:10:22-76
94
95    <uses-feature
95-->[com.google.android.gms:play-services-maps:18.0.2] AndroidManifest.xml:26:5-28:35
96        android:glEsVersion="0x00020000"
96-->[com.google.android.gms:play-services-maps:18.0.2] AndroidManifest.xml:27:9-41
97        android:required="true" />
97-->[com.google.android.gms:play-services-maps:18.0.2] AndroidManifest.xml:28:9-32
98
99    <uses-permission android:name="android.permission.FOREGROUND_SERVICE" />
99-->[androidx.work:work-runtime:2.8.1] AndroidManifest.xml:26:5-77
99-->[androidx.work:work-runtime:2.8.1] AndroidManifest.xml:26:22-74
100
101    <permission
101-->[androidx.core:core:1.12.0] AndroidManifest.xml:22:5-24:47
102        android:name="com.sinasys.e_commerce_flutter.DYNAMIC_RECEIVER_NOT_EXPORTED_PERMISSION"
102-->[androidx.core:core:1.12.0] AndroidManifest.xml:23:9-81
103        android:protectionLevel="signature" />
103-->[androidx.core:core:1.12.0] AndroidManifest.xml:24:9-44
104
105    <uses-permission android:name="com.sinasys.e_commerce_flutter.DYNAMIC_RECEIVER_NOT_EXPORTED_PERMISSION" />
105-->[androidx.core:core:1.12.0] AndroidManifest.xml:26:5-97
105-->[androidx.core:core:1.12.0] AndroidManifest.xml:26:22-94
106
107    <application
108        android:name="android.app.Application"
109        android:appComponentFactory="androidx.core.app.CoreComponentFactory"
109-->[androidx.core:core:1.12.0] AndroidManifest.xml:28:18-86
110        android:debuggable="true"
111        android:icon="@mipmap/launcher_icon"
112        android:label="e_commerce_flutter" >
113        <activity
114            android:name="com.sinasys.e_commerce_flutter.MainActivity"
115            android:configChanges="orientation|keyboardHidden|keyboard|screenSize|smallestScreenSize|locale|layoutDirection|fontScale|screenLayout|density|uiMode"
116            android:exported="true"
117            android:hardwareAccelerated="true"
118            android:launchMode="singleTop"
119            android:theme="@style/LaunchTheme"
120            android:windowSoftInputMode="adjustResize" >
121
122            <!--
123                 Specifies an Android theme to apply to this Activity as soon as
124                 the Android process has started. This theme is visible to the user
125                 while the Flutter UI initializes. After that, this theme continues
126                 to determine the Window background behind the Flutter UI.
127            -->
128            <meta-data
129                android:name="io.flutter.embedding.android.NormalTheme"
130                android:resource="@style/NormalTheme" />
131
132            <intent-filter>
133                <action android:name="android.intent.action.MAIN" />
133-->[com.razorpay:checkout:1.6.39] AndroidManifest.xml:29:13-65
133-->[com.razorpay:checkout:1.6.39] AndroidManifest.xml:29:21-62
134
135                <category android:name="android.intent.category.LAUNCHER" />
136            </intent-filter>
137        </activity>
138        <!--
139             Don't delete the meta-data below.
140             This is used by the Flutter tool to generate GeneratedPluginRegistrant.java
141        -->
142        <meta-data
143            android:name="flutterEmbedding"
144            android:value="2" />
145
146        <activity
146-->[:url_launcher_android] AndroidManifest.xml:10:9-13:74
147            android:name="io.flutter.plugins.urllauncher.WebViewActivity"
147-->[:url_launcher_android] AndroidManifest.xml:11:13-74
148            android:exported="false"
148-->[:url_launcher_android] AndroidManifest.xml:12:13-37
149            android:theme="@android:style/Theme.NoTitleBar.Fullscreen" />
149-->[:url_launcher_android] AndroidManifest.xml:13:13-71
150        <activity
150-->[com.stripe:financial-connections:20.37.4] AndroidManifest.xml:21:9-65:20
151            android:name="com.stripe.android.financialconnections.FinancialConnectionsSheetRedirectActivity"
151-->[com.stripe:financial-connections:20.37.4] AndroidManifest.xml:22:13-109
152            android:exported="true"
152-->[com.stripe:financial-connections:20.37.4] AndroidManifest.xml:23:13-36
153            android:launchMode="singleTask" >
153-->[com.stripe:financial-connections:20.37.4] AndroidManifest.xml:24:13-44
154            <intent-filter>
154-->[com.stripe:financial-connections:20.37.4] AndroidManifest.xml:25:13-64:29
155                <action android:name="android.intent.action.VIEW" />
155-->[com.stripe:financial-connections:20.37.4] AndroidManifest.xml:14:13-65
155-->[com.stripe:financial-connections:20.37.4] AndroidManifest.xml:14:21-62
156
157                <category android:name="android.intent.category.DEFAULT" />
157-->[com.stripe:financial-connections:20.37.4] AndroidManifest.xml:28:17-76
157-->[com.stripe:financial-connections:20.37.4] AndroidManifest.xml:28:27-73
158                <category android:name="android.intent.category.BROWSABLE" />
158-->[com.stripe:financial-connections:20.37.4] AndroidManifest.xml:29:17-78
158-->[com.stripe:financial-connections:20.37.4] AndroidManifest.xml:29:27-75
159
160                <!-- Returning from app2app: return_url is triggered to reopen web AuthFlow and poll accounts. -->
161                <data
161-->[com.stripe:financial-connections:20.37.4] AndroidManifest.xml:16:13-43
162                    android:host="link-accounts"
163                    android:pathPrefix="/com.sinasys.e_commerce_flutter/authentication_return"
164                    android:scheme="stripe-auth" />
164-->[com.stripe:financial-connections:20.37.4] AndroidManifest.xml:16:19-40
165
166                <!-- Returning from app2app: return_url is triggered to reopen native AuthFlow and poll accounts. -->
167                <data
167-->[com.stripe:financial-connections:20.37.4] AndroidManifest.xml:16:13-43
168                    android:host="link-native-accounts"
169                    android:pathPrefix="/com.sinasys.e_commerce_flutter/authentication_return"
170                    android:scheme="stripe-auth" />
170-->[com.stripe:financial-connections:20.37.4] AndroidManifest.xml:16:19-40
171
172                <!-- End of web AuthFlow success and cancel URIs that begin with "stripe-auth://link-accounts/{app-id}/...” -->
173                <data
173-->[com.stripe:financial-connections:20.37.4] AndroidManifest.xml:16:13-43
174                    android:host="link-accounts"
175                    android:path="/com.sinasys.e_commerce_flutter/success"
176                    android:scheme="stripe-auth" />
176-->[com.stripe:financial-connections:20.37.4] AndroidManifest.xml:16:19-40
177                <data
177-->[com.stripe:financial-connections:20.37.4] AndroidManifest.xml:16:13-43
178                    android:host="link-accounts"
179                    android:path="/com.sinasys.e_commerce_flutter/cancel"
180                    android:scheme="stripe-auth" />
180-->[com.stripe:financial-connections:20.37.4] AndroidManifest.xml:16:19-40
181
182                <!-- Opening app2app: Web flow triggers stripe-auth://native-redirect/{app-id}/http://web-that-redirects-to-native -->
183                <data
183-->[com.stripe:financial-connections:20.37.4] AndroidManifest.xml:16:13-43
184                    android:host="native-redirect"
185                    android:pathPrefix="/com.sinasys.e_commerce_flutter"
186                    android:scheme="stripe-auth" />
186-->[com.stripe:financial-connections:20.37.4] AndroidManifest.xml:16:19-40
187
188                <!-- Accepts success/cancel/fail URIs that begin with "stripe://auth-redirect” -->
189                <data
189-->[com.stripe:financial-connections:20.37.4] AndroidManifest.xml:16:13-43
190                    android:host="auth-redirect"
191                    android:pathPrefix="/com.sinasys.e_commerce_flutter"
192                    android:scheme="stripe" />
192-->[com.stripe:financial-connections:20.37.4] AndroidManifest.xml:16:19-40
193            </intent-filter>
194        </activity>
195        <activity
195-->[com.stripe:financial-connections:20.37.4] AndroidManifest.xml:66:9-69:57
196            android:name="com.stripe.android.financialconnections.FinancialConnectionsSheetActivity"
196-->[com.stripe:financial-connections:20.37.4] AndroidManifest.xml:67:13-101
197            android:exported="false"
197-->[com.stripe:financial-connections:20.37.4] AndroidManifest.xml:68:13-37
198            android:theme="@style/StripeDefaultTheme" />
198-->[com.stripe:financial-connections:20.37.4] AndroidManifest.xml:69:13-54
199        <activity
199-->[com.stripe:financial-connections:20.37.4] AndroidManifest.xml:70:9-74:58
200            android:name="com.stripe.android.financialconnections.ui.FinancialConnectionsSheetNativeActivity"
200-->[com.stripe:financial-connections:20.37.4] AndroidManifest.xml:71:13-110
201            android:exported="false"
201-->[com.stripe:financial-connections:20.37.4] AndroidManifest.xml:72:13-37
202            android:theme="@style/StripeDefaultTheme"
202-->[com.stripe:financial-connections:20.37.4] AndroidManifest.xml:73:13-54
203            android:windowSoftInputMode="adjustResize" />
203-->[com.stripe:financial-connections:20.37.4] AndroidManifest.xml:74:13-55
204
205        <provider
205-->[com.stripe:financial-connections:20.37.4] AndroidManifest.xml:76:9-80:43
206            android:name="com.stripe.android.financialconnections.appinitializer.FinancialConnectionsInitializer"
206-->[com.stripe:financial-connections:20.37.4] AndroidManifest.xml:77:13-114
207            android:authorities="com.sinasys.e_commerce_flutter.financialconnections-init"
207-->[com.stripe:financial-connections:20.37.4] AndroidManifest.xml:78:13-77
208            android:exported="false"
208-->[com.stripe:financial-connections:20.37.4] AndroidManifest.xml:79:13-37
209            android:multiprocess="true" />
209-->[com.stripe:financial-connections:20.37.4] AndroidManifest.xml:80:13-40
210
211        <activity
211-->[com.stripe:paymentsheet:20.37.4] AndroidManifest.xml:8:9-12:58
212            android:name="com.stripe.android.paymentsheet.PaymentSheetActivity"
212-->[com.stripe:paymentsheet:20.37.4] AndroidManifest.xml:9:13-80
213            android:exported="false"
213-->[com.stripe:paymentsheet:20.37.4] AndroidManifest.xml:10:13-37
214            android:theme="@style/StripePaymentSheetDefaultTheme"
214-->[com.stripe:paymentsheet:20.37.4] AndroidManifest.xml:11:13-66
215            android:windowSoftInputMode="adjustResize" />
215-->[com.stripe:paymentsheet:20.37.4] AndroidManifest.xml:12:13-55
216        <activity
216-->[com.stripe:paymentsheet:20.37.4] AndroidManifest.xml:13:9-17:58
217            android:name="com.stripe.android.paymentsheet.PaymentOptionsActivity"
217-->[com.stripe:paymentsheet:20.37.4] AndroidManifest.xml:14:13-82
218            android:exported="false"
218-->[com.stripe:paymentsheet:20.37.4] AndroidManifest.xml:15:13-37
219            android:theme="@style/StripePaymentSheetDefaultTheme"
219-->[com.stripe:paymentsheet:20.37.4] AndroidManifest.xml:16:13-66
220            android:windowSoftInputMode="adjustResize" />
220-->[com.stripe:paymentsheet:20.37.4] AndroidManifest.xml:17:13-55
221        <activity
221-->[com.stripe:paymentsheet:20.37.4] AndroidManifest.xml:18:9-22:58
222            android:name="com.stripe.android.customersheet.CustomerSheetActivity"
222-->[com.stripe:paymentsheet:20.37.4] AndroidManifest.xml:19:13-82
223            android:exported="false"
223-->[com.stripe:paymentsheet:20.37.4] AndroidManifest.xml:20:13-37
224            android:theme="@style/StripePaymentSheetDefaultTheme"
224-->[com.stripe:paymentsheet:20.37.4] AndroidManifest.xml:21:13-66
225            android:windowSoftInputMode="adjustResize" />
225-->[com.stripe:paymentsheet:20.37.4] AndroidManifest.xml:22:13-55
226        <activity
226-->[com.stripe:paymentsheet:20.37.4] AndroidManifest.xml:23:9-26:69
227            android:name="com.stripe.android.paymentsheet.addresselement.AddressElementActivity"
227-->[com.stripe:paymentsheet:20.37.4] AndroidManifest.xml:24:13-97
228            android:exported="false"
228-->[com.stripe:paymentsheet:20.37.4] AndroidManifest.xml:25:13-37
229            android:theme="@style/StripePaymentSheetDefaultTheme" />
229-->[com.stripe:paymentsheet:20.37.4] AndroidManifest.xml:26:13-66
230        <activity
230-->[com.stripe:paymentsheet:20.37.4] AndroidManifest.xml:27:9-30:69
231            android:name="com.stripe.android.paymentsheet.paymentdatacollection.bacs.BacsMandateConfirmationActivity"
231-->[com.stripe:paymentsheet:20.37.4] AndroidManifest.xml:28:13-118
232            android:exported="false"
232-->[com.stripe:paymentsheet:20.37.4] AndroidManifest.xml:29:13-37
233            android:theme="@style/StripePaymentSheetDefaultTheme" />
233-->[com.stripe:paymentsheet:20.37.4] AndroidManifest.xml:30:13-66
234        <activity
234-->[com.stripe:paymentsheet:20.37.4] AndroidManifest.xml:31:9-34:69
235            android:name="com.stripe.android.paymentsheet.paymentdatacollection.polling.PollingActivity"
235-->[com.stripe:paymentsheet:20.37.4] AndroidManifest.xml:32:13-105
236            android:exported="false"
236-->[com.stripe:paymentsheet:20.37.4] AndroidManifest.xml:33:13-37
237            android:theme="@style/StripePaymentSheetDefaultTheme" />
237-->[com.stripe:paymentsheet:20.37.4] AndroidManifest.xml:34:13-66
238        <activity
238-->[com.stripe:paymentsheet:20.37.4] AndroidManifest.xml:35:9-38:69
239            android:name="com.stripe.android.paymentsheet.ui.SepaMandateActivity"
239-->[com.stripe:paymentsheet:20.37.4] AndroidManifest.xml:36:13-82
240            android:exported="false"
240-->[com.stripe:paymentsheet:20.37.4] AndroidManifest.xml:37:13-37
241            android:theme="@style/StripePaymentSheetDefaultTheme" />
241-->[com.stripe:paymentsheet:20.37.4] AndroidManifest.xml:38:13-66
242        <activity
242-->[com.stripe:link:20.37.4] AndroidManifest.xml:8:9-13:61
243            android:name="com.stripe.android.link.LinkForegroundActivity"
243-->[com.stripe:link:20.37.4] AndroidManifest.xml:9:13-74
244            android:autoRemoveFromRecents="true"
244-->[com.stripe:link:20.37.4] AndroidManifest.xml:10:13-49
245            android:configChanges="orientation|keyboard|keyboardHidden|screenLayout|screenSize|smallestScreenSize"
245-->[com.stripe:link:20.37.4] AndroidManifest.xml:11:13-115
246            android:launchMode="singleTop"
246-->[com.stripe:link:20.37.4] AndroidManifest.xml:12:13-43
247            android:theme="@style/StripeTransparentTheme" />
247-->[com.stripe:link:20.37.4] AndroidManifest.xml:13:13-58
248        <activity
248-->[com.stripe:link:20.37.4] AndroidManifest.xml:14:9-31:20
249            android:name="com.stripe.android.link.LinkRedirectHandlerActivity"
249-->[com.stripe:link:20.37.4] AndroidManifest.xml:15:13-79
250            android:autoRemoveFromRecents="true"
250-->[com.stripe:link:20.37.4] AndroidManifest.xml:16:13-49
251            android:exported="true"
251-->[com.stripe:link:20.37.4] AndroidManifest.xml:17:13-36
252            android:launchMode="singleInstance"
252-->[com.stripe:link:20.37.4] AndroidManifest.xml:18:13-48
253            android:theme="@style/StripeTransparentTheme" >
253-->[com.stripe:link:20.37.4] AndroidManifest.xml:19:13-58
254            <intent-filter>
254-->[com.stripe:link:20.37.4] AndroidManifest.xml:20:13-30:29
255                <action android:name="android.intent.action.VIEW" />
255-->[com.stripe:financial-connections:20.37.4] AndroidManifest.xml:14:13-65
255-->[com.stripe:financial-connections:20.37.4] AndroidManifest.xml:14:21-62
256
257                <category android:name="android.intent.category.DEFAULT" />
257-->[com.stripe:financial-connections:20.37.4] AndroidManifest.xml:28:17-76
257-->[com.stripe:financial-connections:20.37.4] AndroidManifest.xml:28:27-73
258                <category android:name="android.intent.category.BROWSABLE" />
258-->[com.stripe:financial-connections:20.37.4] AndroidManifest.xml:29:17-78
258-->[com.stripe:financial-connections:20.37.4] AndroidManifest.xml:29:27-75
259
260                <data
260-->[com.stripe:financial-connections:20.37.4] AndroidManifest.xml:16:13-43
261                    android:host="complete"
262                    android:path="/com.sinasys.e_commerce_flutter"
263                    android:scheme="link-popup" />
263-->[com.stripe:financial-connections:20.37.4] AndroidManifest.xml:16:19-40
264            </intent-filter>
265        </activity>
266        <activity
266-->[com.stripe:payments-ui-core:20.37.4] AndroidManifest.xml:8:9-11:69
267            android:name="com.stripe.android.ui.core.cardscan.CardScanActivity"
267-->[com.stripe:payments-ui-core:20.37.4] AndroidManifest.xml:9:13-80
268            android:exported="false"
268-->[com.stripe:payments-ui-core:20.37.4] AndroidManifest.xml:10:13-37
269            android:theme="@style/StripePaymentSheetDefaultTheme" />
269-->[com.stripe:payments-ui-core:20.37.4] AndroidManifest.xml:11:13-66
270        <activity
270-->[com.stripe:payments-core:20.37.4] AndroidManifest.xml:15:9-18:57
271            android:name="com.stripe.android.view.AddPaymentMethodActivity"
271-->[com.stripe:payments-core:20.37.4] AndroidManifest.xml:16:13-76
272            android:exported="false"
272-->[com.stripe:payments-core:20.37.4] AndroidManifest.xml:17:13-37
273            android:theme="@style/StripeDefaultTheme" />
273-->[com.stripe:payments-core:20.37.4] AndroidManifest.xml:18:13-54
274        <activity
274-->[com.stripe:payments-core:20.37.4] AndroidManifest.xml:19:9-22:57
275            android:name="com.stripe.android.view.PaymentMethodsActivity"
275-->[com.stripe:payments-core:20.37.4] AndroidManifest.xml:20:13-74
276            android:exported="false"
276-->[com.stripe:payments-core:20.37.4] AndroidManifest.xml:21:13-37
277            android:theme="@style/StripeDefaultTheme" />
277-->[com.stripe:payments-core:20.37.4] AndroidManifest.xml:22:13-54
278        <activity
278-->[com.stripe:payments-core:20.37.4] AndroidManifest.xml:23:9-26:57
279            android:name="com.stripe.android.view.PaymentFlowActivity"
279-->[com.stripe:payments-core:20.37.4] AndroidManifest.xml:24:13-71
280            android:exported="false"
280-->[com.stripe:payments-core:20.37.4] AndroidManifest.xml:25:13-37
281            android:theme="@style/StripeDefaultTheme" />
281-->[com.stripe:payments-core:20.37.4] AndroidManifest.xml:26:13-54
282        <activity
282-->[com.stripe:payments-core:20.37.4] AndroidManifest.xml:27:9-31:58
283            android:name="com.stripe.android.view.PaymentAuthWebViewActivity"
283-->[com.stripe:payments-core:20.37.4] AndroidManifest.xml:28:13-78
284            android:exported="false"
284-->[com.stripe:payments-core:20.37.4] AndroidManifest.xml:29:13-37
285            android:theme="@style/StripeDefaultTheme"
285-->[com.stripe:payments-core:20.37.4] AndroidManifest.xml:30:13-54
286            android:windowSoftInputMode="adjustResize" />